Unity Editor version:    2022.3.21f1 (bf09ca542b87)
Branch:                  2022.3/staging
Build type:              Release
Batch mode:              YES
macOS version:           Version 13.4 (Build 22F66)
Darwin version:          22.5.0
Architecture:            arm64
Running under Rosetta:   NO
Available memory:        8192 MB
Using pre-set license
Pro License: YES

COMMAND LINE ARGUMENTS:
/Applications/Unity/Hub/Editor/2022.3.21f1/Unity.app/Contents/MacOS/Unity
-adb2
-batchMode
-noUpm
-name
AssetImportWorker0
-projectPath
/Users/anavizitiv/Documents/GitHub/BloomMareApp/BloomMare
-logFile
Logs/AssetImportWorker0.log
-srvPort
49380
Successfully changed project path to: /Users/anavizitiv/Documents/GitHub/BloomMareApp/BloomMare
/Users/anavizitiv/Documents/GitHub/BloomMareApp/BloomMare
[UnityMemory] Configuration Parameters - Can be set up in boot.config
    "memorysetup-bucket-allocator-granularity=16"
    "memorysetup-bucket-allocator-bucket-count=8"
    "memorysetup-bucket-allocator-block-size=33554432"
    "memorysetup-bucket-allocator-block-count=8"
    "memorysetup-main-allocator-block-size=16777216"
    "memorysetup-thread-allocator-block-size=16777216"
    "memorysetup-gfx-main-allocator-block-size=16777216"
    "memorysetup-gfx-thread-allocator-block-size=16777216"
    "memorysetup-cache-allocator-block-size=4194304"
    "memorysetup-typetree-allocator-block-size=2097152"
    "memorysetup-profiler-bucket-allocator-granularity=16"
    "memorysetup-profiler-bucket-allocator-bucket-count=8"
    "memorysetup-profiler-bucket-allocator-block-size=33554432"
    "memorysetup-profiler-bucket-allocator-block-count=8"
    "memorysetup-profiler-allocator-block-size=16777216"
    "memorysetup-profiler-editor-allocator-block-size=1048576"
    "memorysetup-temp-allocator-size-main=16777216"
    "memorysetup-job-temp-allocator-block-size=2097152"
    "memorysetup-job-temp-allocator-block-size-background=1048576"
    "memorysetup-job-temp-allocator-reduction-small-platforms=262144"
    "memorysetup-allocator-temp-initial-block-size-main=262144"
    "memorysetup-allocator-temp-initial-block-size-worker=262144"
    "memorysetup-temp-allocator-size-background-worker=32768"
    "memorysetup-temp-allocator-size-job-worker=262144"
    "memorysetup-temp-allocator-size-preload-manager=33554432"
    "memorysetup-temp-allocator-size-nav-mesh-worker=65536"
    "memorysetup-temp-allocator-size-audio-worker=65536"
    "memorysetup-temp-allocator-size-cloud-worker=32768"
    "memorysetup-temp-allocator-size-gi-baking-worker=262144"
    "memorysetup-temp-allocator-size-gfx=262144"
Player connection [8428510720] Host "[IP] 192.0.0.2 [Port] 0 [Flags] 2 [Guid] 1353011316 [EditorId] 1353011316 [Version] 1048832 [Id] OSXEditor(0,Anas-MacBook-Air-5.local) [Debug] 1 [PackageName] OSXEditor [ProjectName] Editor" joined multi-casting on [225.0.0.222:54997]...

Player connection [8428510720] Host "[IP] 192.0.0.2 [Port] 0 [Flags] 2 [Guid] 1353011316 [EditorId] 1353011316 [Version] 1048832 [Id] OSXEditor(0,Anas-MacBook-Air-5.local) [Debug] 1 [PackageName] OSXEditor [ProjectName] Editor" joined alternative multi-casting on [225.0.0.222:34997]...

[Physics::Module] Initialized MultithreadedJobDispatcher with 7 workers.
Refreshing native plugins compatible for Editor in 26.59 ms, found 7 plugins.
Preloading 4 native plugins for Editor in 10.39 ms.
Initialize engine version: 2022.3.21f1 (bf09ca542b87)
[Subsystems] Discovering subsystems at path /Applications/Unity/Hub/Editor/2022.3.21f1/Unity.app/Contents/Resources/UnitySubsystems
[Subsystems] Discovering subsystems at path /Users/anavizitiv/Documents/GitHub/BloomMareApp/BloomMare/Assets
GfxDevice: creating device client; threaded=0; jobified=0
 preferred device: Apple M1 (high power)
Metal devices available: 1
0: Apple M1 (high power)
Using device Apple M1 (high power)
Initializing Metal device caps: Apple M1
Initialize mono
Mono path[0] = '/Applications/Unity/Hub/Editor/2022.3.21f1/Unity.app/Contents/Managed'
Mono path[1] = '/Applications/Unity/Hub/Editor/2022.3.21f1/Unity.app/Contents/MonoBleedingEdge/lib/mono/unityjit-macos'
Mono config path = '/Applications/Unity/Hub/Editor/2022.3.21f1/Unity.app/Contents/MonoBleedingEdge/etc'
Using monoOptions --debugger-agent=transport=dt_socket,embedding=1,server=y,suspend=n,address=127.0.0.1:56455
Begin MonoManager ReloadAssembly
Registering precompiled unity dll's ...
Register platform support module: /Applications/Unity/Hub/Editor/2022.3.21f1/PlaybackEngines/WebGLSupport/UnityEditor.WebGL.Extensions.dll
Register platform support module: /Applications/Unity/Hub/Editor/2022.3.21f1/Unity.app/Contents/PlaybackEngines/MacStandaloneSupport/UnityEditor.OSXStandalone.Extensions.dll
Register platform support module: /Applications/Unity/Hub/Editor/2022.3.21f1/PlaybackEngines/AndroidPlayer/UnityEditor.Android.Extensions.dll
Register platform support module: /Applications/Unity/Hub/Editor/2022.3.21f1/PlaybackEngines/iOSSupport/UnityEditor.iOS.Extensions.dll
Register platform support module: /Applications/Unity/Hub/Editor/2022.3.21f1/PlaybackEngines/VisionOSPlayer/UnityEditor.VisionOS.Extensions.dll
Register platform support module: /Applications/Unity/Hub/Editor/2022.3.21f1/PlaybackEngines/AppleTVSupport/UnityEditor.AppleTV.Extensions.dll
Register platform support module: /Applications/Unity/Hub/Editor/2022.3.21f1/PlaybackEngines/WindowsStandaloneSupport/UnityEditor.WindowsStandalone.Extensions.dll
Register platform support module: /Applications/Unity/Hub/Editor/2022.3.21f1/PlaybackEngines/LinuxStandaloneSupport/UnityEditor.LinuxStandalone.Extensions.dll
Registered in 0.007177 seconds.
- Loaded All Assemblies, in  0.255 seconds
Native extension for LinuxStandalone target not found
Native extension for WindowsStandalone target not found
[usbmuxd] Start listen thread
[usbmuxd] Listen thread started
[usbmuxd] Send listen message
Native extension for AppleTV target not found
objc[1455]: Class XcodeScriptingDelegate is implemented in both /Applications/Unity/Hub/Editor/2022.3.21f1/PlaybackEngines/AppleTVSupport/arm64/UnityEditor.iOS.Native.dylib (0x13cd945d8) and /Applications/Unity/Hub/Editor/2022.3.21f1/PlaybackEngines/VisionOSPlayer/arm64/UnityEditor.VisionOS.Native.dylib (0x13cdbc5d8). One of the two will be used. Which one is undefined.
[usbmuxd] Start listen thread
[usbmuxd] Listen thread started
[usbmuxd] Send listen message
Native extension for VisionOS target not found
Native extension for iOS target not found
2024-04-21 15:47:56.088 Unity[1455:17941] [XcodeApplications] Failed to read NSDictionary from path /Contents/Info.plist
Native extension for Android target not found
Android Extension - Scanning For ADB Devices 71 ms
Native extension for OSXStandalone target not found
Native extension for WebGL target not found
Mono: successfully reloaded assembly
- Finished resetting the current domain, in  0.372 seconds
Domain Reload Profiling: 626ms
	BeginReloadAssembly (71ms)
		ExecutionOrderSort (0ms)
		DisableScriptedObjects (0ms)
		BackupInstance (0ms)
		ReleaseScriptingObjects (0ms)
		CreateAndSetChildDomain (0ms)
	RebuildCommonClasses (27ms)
	RebuildNativeTypeToScriptingClass (8ms)
	initialDomainReloadingComplete (37ms)
	LoadAllAssembliesAndSetupDomain (111ms)
		LoadAssemblies (73ms)
		RebuildTransferFunctionScriptingTraits (0ms)
		AnalyzeDomain (108ms)
			TypeCache.Refresh (106ms)
				TypeCache.ScanAssembly (96ms)
			ScanForSourceGeneratedMonoScriptInfo (0ms)
			ResolveRequiredComponents (0ms)
	FinalizeReload (372ms)
		ReleaseScriptCaches (0ms)
		RebuildScriptCaches (0ms)
		SetupLoadedEditorAssemblies (333ms)
			LogAssemblyErrors (0ms)
			InitializePlatformSupportModulesInManaged (240ms)
			SetLoadedEditorAssemblies (2ms)
			RefreshPlugins (0ms)
			BeforeProcessingInitializeOnLoad (1ms)
			ProcessInitializeOnLoadAttributes (64ms)
			ProcessInitializeOnLoadMethodAttributes (25ms)
			AfterProcessingInitializeOnLoad (0ms)
			EditorAssembliesLoaded (0ms)
		ExecutionOrderSort2 (0ms)
		AwakeInstancesAfterBackupRestoration (0ms)
========================================================================
Worker process is ready to serve import requests
Begin MonoManager ReloadAssembly
- Loaded All Assemblies, in  0.604 seconds
Refreshing native plugins compatible for Editor in 2.71 ms, found 7 plugins.
Native extension for LinuxStandalone target not found
Native extension for WindowsStandalone target not found
Native extension for AppleTV target not found
Native extension for VisionOS target not found
Native extension for iOS target not found
2024-04-21 15:47:58.546 Unity[1455:17941] [XcodeApplications] Failed to read NSDictionary from path /Contents/Info.plist
Native extension for Android target not found
Native extension for OSXStandalone target not found
Native extension for WebGL target not found
Package Manager log level set to [2]
[Package Manager] Server::EnsureServerProcessIsRunning -- launch failed, reason: Unity was launched with the -noUpm command-line argument
[Package Manager] UpmClient::Send -- Unable to send message (not connected to UPM process).
[Package Manager] Cannot connect to Unity Package Manager local server
[Package Manager] Server::EnsureServerProcessIsRunning -- launch failed, reason: Unity was launched with the -noUpm command-line argument
[Package Manager] UpmClient::Send -- Unable to send message (not connected to UPM process).
[Package Manager] Cannot connect to Unity Package Manager local server
Mono: successfully reloaded assembly
[Package Manager] Server::EnsureServerProcessIsRunning -- launch failed, reason: Unity was launched with the -noUpm command-line argument
[Package Manager] UpmClient::Send -- Unable to send message (not connected to UPM process).
[Package Manager] Cannot connect to Unity Package Manager local server
[Package Manager] Server::EnsureServerProcessIsRunning -- launch failed, reason: Unity was launched with the -noUpm command-line argument
[Package Manager] UpmClient::Send -- Unable to send message (not connected to UPM process).
[Package Manager] Cannot connect to Unity Package Manager local server
- Finished resetting the current domain, in  0.622 seconds
Domain Reload Profiling: 1226ms
	BeginReloadAssembly (89ms)
		ExecutionOrderSort (0ms)
		DisableScriptedObjects (3ms)
		BackupInstance (0ms)
		ReleaseScriptingObjects (0ms)
		CreateAndSetChildDomain (25ms)
	RebuildCommonClasses (25ms)
	RebuildNativeTypeToScriptingClass (9ms)
	initialDomainReloadingComplete (26ms)
	LoadAllAssembliesAndSetupDomain (455ms)
		LoadAssemblies (280ms)
		RebuildTransferFunctionScriptingTraits (0ms)
		AnalyzeDomain (211ms)
			TypeCache.Refresh (182ms)
				TypeCache.ScanAssembly (155ms)
			ScanForSourceGeneratedMonoScriptInfo (17ms)
			ResolveRequiredComponents (11ms)
	FinalizeReload (622ms)
		ReleaseScriptCaches (0ms)
		RebuildScriptCaches (0ms)
		SetupLoadedEditorAssemblies (479ms)
			LogAssemblyErrors (0ms)
			InitializePlatformSupportModulesInManaged (48ms)
			SetLoadedEditorAssemblies (4ms)
			RefreshPlugins (0ms)
			BeforeProcessingInitializeOnLoad (54ms)
			ProcessInitializeOnLoadAttributes (332ms)
			ProcessInitializeOnLoadMethodAttributes (40ms)
			AfterProcessingInitializeOnLoad (1ms)
			EditorAssembliesLoaded (0ms)
		ExecutionOrderSort2 (0ms)
		AwakeInstancesAfterBackupRestoration (2ms)
Launching external process: /Applications/Unity/Hub/Editor/2022.3.21f1/Unity.app/Contents/Tools/UnityShaderCompiler
Launched and connected shader compiler UnityShaderCompiler after 0.06 seconds
Refreshing native plugins compatible for Editor in 2.96 ms, found 7 plugins.
Preloading 4 native plugins for Editor in 5.15 ms.
Unloading 6880 Unused Serialized files (Serialized files now loaded: 0)
Unloading 123 unused Assets / (2.1 MB). Loaded Objects now: 7632.
Memory consumption went from 285.0 MB to 282.8 MB.
Total: 5.675500 ms (FindLiveObjects: 0.316583 ms CreateObjectMapping: 0.104000 ms MarkObjects: 3.978667 ms  DeleteObjects: 1.275667 ms)

AssetImportParameters requested are different than current active one (requested -> active):
  custom:container-demuxer-ogg: 62fdf1f143b41e24485cea50d1cbac27 -> 
  custom:container-muxer-webm: aa71ff27fc2769a1b78a27578f13a17b -> 
  custom:video-decoder-webm-vp8: 9c59270c3fd7afecdb556c50c9e8de78 -> 
  custom:SearchIndexIgnoredProperties: e643bd26f0fe6173181afceb89e7c659 -> 
  custom:AudioImporter_EditorPlatform: 3918e3fc78b5a79bad01e8451be0beb8 -> 
  custom:audio-decoder-ogg-vorbis: bf7c407c2cedff20999df2af8eb42d56 -> 
  custom:audio-encoder-webm-vorbis: bf7c407c2cedff20999df2af8eb42d56 -> 
  custom:video-decoder-ogg-theora: a1e56fd34408186e4bbccfd4996cb3dc -> 
  custom:CustomObjectIndexerAttribute: 72b91833f83ae208fae7752999fa3104 -> 
  custom:container-demuxer-webm: 4f35f7cbe854078d1ac9338744f61a02 -> 
  custom:framework-osx-AVFoundation: e770b220cccbd017edd2c1fefb359320 -> 
  custom:video-encoder-webm-vp8: eb34c28f22e8b96e1ab97ce403110664 -> 
========================================================================
Received Import Request.
  Time since last request: 1059.980969 seconds.
  path: Assets/Scenes/App Designs/Antarctica1.fbx
  artifactKey: Guid(a26958578477d407f9379b0fa85dcd97) Importer(815301076,1909f56bfc062723c751e8b465ee728b)
Start importing Assets/Scenes/App Designs/Antarctica1.fbx using Guid(a26958578477d407f9379b0fa85dcd97) Importer(815301076,1909f56bfc062723c751e8b465ee728b)  -> (artifact id: 'c76b270d931aaad8d97643669e72cfd1') in 0.697099 seconds
Number of updated asset objects reloaded before import = 0
Number of asset objects unloaded after import = 53
========================================================================
Received Import Request.
  Time since last request: 1.277349 seconds.
  path: Assets/Scenes/App Designs
  artifactKey: Guid(73c7a06e51c7343a5845ff4cd51f7572) Importer(815301076,1909f56bfc062723c751e8b465ee728b)
Start importing Assets/Scenes/App Designs using Guid(73c7a06e51c7343a5845ff4cd51f7572) Importer(815301076,1909f56bfc062723c751e8b465ee728b)  -> (artifact id: '5e12264c36dfaa80e7a3111a65227f4b') in 0.000368 seconds
Number of updated asset objects reloaded before import = 0
Number of asset objects unloaded after import = 0
========================================================================
Received Import Request.
  Time since last request: 2.853577 seconds.
  path: Assets/Scenes/App Designs/Scenes
  artifactKey: Guid(daa22ca3889504a4f8c86aced55b7d9d) Importer(815301076,1909f56bfc062723c751e8b465ee728b)
Start importing Assets/Scenes/App Designs/Scenes using Guid(daa22ca3889504a4f8c86aced55b7d9d) Importer(815301076,1909f56bfc062723c751e8b465ee728b)  -> (artifact id: 'cbdf079d78214062f0735c518a78ee8b') in 0.000369 seconds
Number of updated asset objects reloaded before import = 0
Number of asset objects unloaded after import = 0
========================================================================
Received Import Request.
  Time since last request: 1.438821 seconds.
  path: Assets/Scenes/App Designs/Scenes/AlegeClasa.unity
  artifactKey: Guid(8ef2e4f2787f34ad3938660153994d54) Importer(815301076,1909f56bfc062723c751e8b465ee728b)
Start importing Assets/Scenes/App Designs/Scenes/AlegeClasa.unity using Guid(8ef2e4f2787f34ad3938660153994d54) Importer(815301076,1909f56bfc062723c751e8b465ee728b)  -> (artifact id: 'ced2a71b583906f078e2f1ed65fc6068') in 0.000342 seconds
Number of updated asset objects reloaded before import = 0
Number of asset objects unloaded after import = 0
========================================================================
Received Import Request.
  Time since last request: 13.506281 seconds.
  path: Assets/Scenes/App Designs/Scenes/StartApp.unity
  artifactKey: Guid(0a81fb62692154b008f4a932a6c2aaf8) Importer(815301076,1909f56bfc062723c751e8b465ee728b)
Start importing Assets/Scenes/App Designs/Scenes/StartApp.unity using Guid(0a81fb62692154b008f4a932a6c2aaf8) Importer(815301076,1909f56bfc062723c751e8b465ee728b)  -> (artifact id: '821b74b42531068b119063a3f929f489') in 0.000483 seconds
Number of updated asset objects reloaded before import = 0
Number of asset objects unloaded after import = 0
========================================================================
Received Import Request.
  Time since last request: 157.894741 seconds.
  path: Assets/Scenes/App Designs/UI_Design/Fundaluri
  artifactKey: Guid(f71131e401d0646f6a877ff1df65f3bb) Importer(815301076,1909f56bfc062723c751e8b465ee728b)
Start importing Assets/Scenes/App Designs/UI_Design/Fundaluri using Guid(f71131e401d0646f6a877ff1df65f3bb) Importer(815301076,1909f56bfc062723c751e8b465ee728b)  -> (artifact id: '3839549e839d0e4d7596154d833c62fa') in 0.001488 seconds
Number of updated asset objects reloaded before import = 0
Number of asset objects unloaded after import = 0
========================================================================
Received Import Request.
  Time since last request: 0.407791 seconds.
  path: Assets/Scenes/App Designs/UI_Design/Fundaluri/clasa 5.5.png
  artifactKey: Guid(d3f4feb6f94c7494bb99817e3f21aaa2) Importer(815301076,1909f56bfc062723c751e8b465ee728b)
Start importing Assets/Scenes/App Designs/UI_Design/Fundaluri/clasa 5.5.png using Guid(d3f4feb6f94c7494bb99817e3f21aaa2) Importer(815301076,1909f56bfc062723c751e8b465ee728b)  -> (artifact id: '29480fdd423027a9774af37598639869') in 0.093551 seconds
Number of updated asset objects reloaded before import = 0
Number of asset objects unloaded after import = 3
========================================================================
Received Import Request.
  Time since last request: 0.000109 seconds.
  path: Assets/Scenes/App Designs/UI_Design/Fundaluri/DetaliiSteluta.svg
  artifactKey: Guid(2371d0f47e86c4e85be1e38a8cf2e15b) Importer(815301076,1909f56bfc062723c751e8b465ee728b)
Start importing Assets/Scenes/App Designs/UI_Design/Fundaluri/DetaliiSteluta.svg using Guid(2371d0f47e86c4e85be1e38a8cf2e15b) Importer(815301076,1909f56bfc062723c751e8b465ee728b)  -> (artifact id: 'ee5635b48633fd5433eb49a0742ba3bd') in 0.044509 seconds
Number of updated asset objects reloaded before import = 0
Number of asset objects unloaded after import = 8
========================================================================
Received Import Request.
  Time since last request: 0.000037 seconds.
  path: Assets/Scenes/App Designs/UI_Design/Fundaluri/Clasa_5.png
  artifactKey: Guid(97a0b1533f18846179cb35c225bc29e7) Importer(815301076,1909f56bfc062723c751e8b465ee728b)
Start importing Assets/Scenes/App Designs/UI_Design/Fundaluri/Clasa_5.png using Guid(97a0b1533f18846179cb35c225bc29e7) Importer(815301076,1909f56bfc062723c751e8b465ee728b)  -> (artifact id: '32fd2966726249fd35577b19321ab080') in 0.007379 seconds
Number of updated asset objects reloaded before import = 0
Number of asset objects unloaded after import = 3
========================================================================
Received Import Request.
  Time since last request: 5.276437 seconds.
  path: Assets/Scenes/App Designs/UI_Design/Fundaluri/Armata + religie.png
  artifactKey: Guid(3089dee25f79b4c9590318f74dea603e) Importer(815301076,1909f56bfc062723c751e8b465ee728b)
Start importing Assets/Scenes/App Designs/UI_Design/Fundaluri/Armata + religie.png using Guid(3089dee25f79b4c9590318f74dea603e) Importer(815301076,1909f56bfc062723c751e8b465ee728b)  -> (artifact id: '6a841d55b879afc5dceb7e4ccd265e8d') in 0.020304 seconds
Number of updated asset objects reloaded before import = 0
Number of asset objects unloaded after import = 2
========================================================================
Received Import Request.
  Time since last request: 8.793473 seconds.
  path: Assets/Scenes/App Designs/UI_Design/Fundaluri/Scroll + rings.png
  artifactKey: Guid(0ac7b9a4ed88a4e8eaa34e53a17d804e) Importer(815301076,1909f56bfc062723c751e8b465ee728b)
Start importing Assets/Scenes/App Designs/UI_Design/Fundaluri/Scroll + rings.png using Guid(0ac7b9a4ed88a4e8eaa34e53a17d804e) Importer(815301076,1909f56bfc062723c751e8b465ee728b)  -> (artifact id: 'a442ce89be16e594702eb99e36e28727') in 0.028239 seconds
Number of updated asset objects reloaded before import = 0
Number of asset objects unloaded after import = 3
========================================================================
Received Import Request.
  Time since last request: 5.119631 seconds.
  path: Assets/Scenes/App Designs/UI_Design/Fundaluri/Armata + religie.png
  artifactKey: Guid(3089dee25f79b4c9590318f74dea603e) Importer(815301076,1909f56bfc062723c751e8b465ee728b)
Start importing Assets/Scenes/App Designs/UI_Design/Fundaluri/Armata + religie.png using Guid(3089dee25f79b4c9590318f74dea603e) Importer(815301076,1909f56bfc062723c751e8b465ee728b)  -> (artifact id: 'ab24ad421a19c5ecbe462451fd4a552f') in 0.012068 seconds
Number of updated asset objects reloaded before import = 0
Number of asset objects unloaded after import = 3
========================================================================
Received Import Request.
  Time since last request: 55.839677 seconds.
  path: Assets/Scenes/App Designs/UI_Design/FormePentruButoane/AlbRect.svg
  artifactKey: Guid(7fa004a05c5d6429b9c63414a8590dc9) Importer(815301076,1909f56bfc062723c751e8b465ee728b)
Start importing Assets/Scenes/App Designs/UI_Design/FormePentruButoane/AlbRect.svg using Guid(7fa004a05c5d6429b9c63414a8590dc9) Importer(815301076,1909f56bfc062723c751e8b465ee728b)  -> (artifact id: '1cbcf6f055b360b16bf7827f3631cfee') in 0.022777 seconds
Number of updated asset objects reloaded before import = 0
Number of asset objects unloaded after import = 3
========================================================================
Received Import Request.
  Time since last request: 0.000070 seconds.
  path: Assets/Scenes/App Designs/UI_Design/FormePentruButoane/RRABar.svg
  artifactKey: Guid(153a48216af5b4a7193295eb3707308c) Importer(815301076,1909f56bfc062723c751e8b465ee728b)
Start importing Assets/Scenes/App Designs/UI_Design/FormePentruButoane/RRABar.svg using Guid(153a48216af5b4a7193295eb3707308c) Importer(815301076,1909f56bfc062723c751e8b465ee728b)  -> (artifact id: '66e97a1cea7a0dab0d4010840e296f66') in 0.006849 seconds
Number of updated asset objects reloaded before import = 0
Number of asset objects unloaded after import = 3
========================================================================
Received Import Request.
  Time since last request: 0.000052 seconds.
  path: Assets/Scenes/App Designs/UI_Design/FormePentruButoane/Rotund.png
  artifactKey: Guid(a7bae4ca85dae490eac479df3bfb3872) Importer(815301076,1909f56bfc062723c751e8b465ee728b)
Start importing Assets/Scenes/App Designs/UI_Design/FormePentruButoane/Rotund.png using Guid(a7bae4ca85dae490eac479df3bfb3872) Importer(815301076,1909f56bfc062723c751e8b465ee728b)  -> (artifact id: '56686fb5582fb490791039e392fa0279') in 0.018268 seconds
Number of updated asset objects reloaded before import = 0
Number of asset objects unloaded after import = 3
========================================================================
Received Import Request.
  Time since last request: 0.000440 seconds.
  path: Assets/Scenes/App Designs/UI_Design/FormePentruButoane/PatratRotund.png
  artifactKey: Guid(ceb13e03f3b9f4c0792d6b286137a126) Importer(815301076,1909f56bfc062723c751e8b465ee728b)
Start importing Assets/Scenes/App Designs/UI_Design/FormePentruButoane/PatratRotund.png using Guid(ceb13e03f3b9f4c0792d6b286137a126) Importer(815301076,1909f56bfc062723c751e8b465ee728b)  -> (artifact id: 'd052e92799d29a84a574c68d1fbbcc53') in 0.013441 seconds
Number of updated asset objects reloaded before import = 0
Number of asset objects unloaded after import = 3
========================================================================
Received Import Request.
  Time since last request: 4.892505 seconds.
  path: Assets/Scenes/App Designs/Scenes/History/History.unity
  artifactKey: Guid(6bad005c672184f69a5712d0eaf89a63) Importer(815301076,1909f56bfc062723c751e8b465ee728b)
Start importing Assets/Scenes/App Designs/Scenes/History/History.unity using Guid(6bad005c672184f69a5712d0eaf89a63) Importer(815301076,1909f56bfc062723c751e8b465ee728b)  -> (artifact id: 'd751c1ee30eeff578439a49a42f65a66') in 0.000416 seconds
Number of updated asset objects reloaded before import = 0
Number of asset objects unloaded after import = 0
========================================================================
Received Import Request.
  Time since last request: 71.353913 seconds.
  path: Assets/Scenes/App Designs/UI_Design/Fundaluri/Scroll + scale.png
  artifactKey: Guid(f64e50cf76d7c426abd4335287734557) Importer(815301076,1909f56bfc062723c751e8b465ee728b)
Start importing Assets/Scenes/App Designs/UI_Design/Fundaluri/Scroll + scale.png using Guid(f64e50cf76d7c426abd4335287734557) Importer(815301076,1909f56bfc062723c751e8b465ee728b)  -> (artifact id: 'cf99923e658b361a5df62e3faaeb1cac') in 0.048440 seconds
Number of updated asset objects reloaded before import = 0
Number of asset objects unloaded after import = 2
========================================================================
Received Import Request.
  Time since last request: 10.991441 seconds.
  path: Assets/Scenes/App Designs/UI_Design/Fundaluri/Scroll + scale.png
  artifactKey: Guid(f64e50cf76d7c426abd4335287734557) Importer(815301076,1909f56bfc062723c751e8b465ee728b)
Start importing Assets/Scenes/App Designs/UI_Design/Fundaluri/Scroll + scale.png using Guid(f64e50cf76d7c426abd4335287734557) Importer(815301076,1909f56bfc062723c751e8b465ee728b)  -> (artifact id: 'd91703979db1bd4254262f6717d15bfd') in 0.051773 seconds
Number of updated asset objects reloaded before import = 0
Number of asset objects unloaded after import = 3
