Unity Editor version:    2022.3.21f1 (bf09ca542b87)
Branch:                  2022.3/staging
Build type:              Release
Batch mode:              YES
macOS version:           Version 14.4 (Build 23E214)
Darwin version:          23.4.0
Architecture:            arm64
Running under Rosetta:   NO
Available memory:        8192 MB
Using pre-set license
Pro License: YES

COMMAND LINE ARGUMENTS:
/Applications/Unity/Hub/Editor/2022.3.21f1/Unity.app/Contents/MacOS/Unity
-adb2
-batchMode
-noUpm
-name
AssetImportWorker1
-projectPath
/Applications/GitHub/BloomMareApp/BloomMare
-logFile
Logs/AssetImportWorker1.log
-srvPort
52244
Successfully changed project path to: /Applications/GitHub/BloomMareApp/BloomMare
/Applications/GitHub/BloomMareApp/BloomMare
[UnityMemory] Configuration Parameters - Can be set up in boot.config
    "memorysetup-bucket-allocator-granularity=16"
    "memorysetup-bucket-allocator-bucket-count=8"
    "memorysetup-bucket-allocator-block-size=33554432"
    "memorysetup-bucket-allocator-block-count=8"
    "memorysetup-main-allocator-block-size=16777216"
    "memorysetup-thread-allocator-block-size=16777216"
    "memorysetup-gfx-main-allocator-block-size=16777216"
    "memorysetup-gfx-thread-allocator-block-size=16777216"
    "memorysetup-cache-allocator-block-size=4194304"
    "memorysetup-typetree-allocator-block-size=2097152"
    "memorysetup-profiler-bucket-allocator-granularity=16"
    "memorysetup-profiler-bucket-allocator-bucket-count=8"
    "memorysetup-profiler-bucket-allocator-block-size=33554432"
    "memorysetup-profiler-bucket-allocator-block-count=8"
    "memorysetup-profiler-allocator-block-size=16777216"
    "memorysetup-profiler-editor-allocator-block-size=1048576"
    "memorysetup-temp-allocator-size-main=16777216"
    "memorysetup-job-temp-allocator-block-size=2097152"
    "memorysetup-job-temp-allocator-block-size-background=1048576"
    "memorysetup-job-temp-allocator-reduction-small-platforms=262144"
    "memorysetup-allocator-temp-initial-block-size-main=262144"
    "memorysetup-allocator-temp-initial-block-size-worker=262144"
    "memorysetup-temp-allocator-size-background-worker=32768"
    "memorysetup-temp-allocator-size-job-worker=262144"
    "memorysetup-temp-allocator-size-preload-manager=33554432"
    "memorysetup-temp-allocator-size-nav-mesh-worker=65536"
    "memorysetup-temp-allocator-size-audio-worker=65536"
    "memorysetup-temp-allocator-size-cloud-worker=32768"
    "memorysetup-temp-allocator-size-gi-baking-worker=262144"
    "memorysetup-temp-allocator-size-gfx=262144"
Player connection [8537356992] Host "[IP] 192.168.0.101 [Port] 0 [Flags] 2 [Guid] 374940891 [EditorId] 374940891 [Version] 1048832 [Id] OSXEditor(0,Andreeas-MacBook-Air-2.local) [Debug] 1 [PackageName] OSXEditor [ProjectName] Editor" joined multi-casting on [225.0.0.222:54997]...

Player connection [8537356992] Host "[IP] 192.168.0.101 [Port] 0 [Flags] 2 [Guid] 374940891 [EditorId] 374940891 [Version] 1048832 [Id] OSXEditor(0,Andreeas-MacBook-Air-2.local) [Debug] 1 [PackageName] OSXEditor [ProjectName] Editor" joined alternative multi-casting on [225.0.0.222:34997]...

[Physics::Module] Initialized MultithreadedJobDispatcher with 7 workers.
Refreshing native plugins compatible for Editor in 41.56 ms, found 7 plugins.
Preloading 4 native plugins for Editor in 74.15 ms.
Initialize engine version: 2022.3.21f1 (bf09ca542b87)
[Subsystems] Discovering subsystems at path /Applications/Unity/Hub/Editor/2022.3.21f1/Unity.app/Contents/Resources/UnitySubsystems
[Subsystems] Discovering subsystems at path /Applications/GitHub/BloomMareApp/BloomMare/Assets
GfxDevice: creating device client; threaded=0; jobified=0
 preferred device: Apple M1 (high power)
Metal devices available: 1
0: Apple M1 (high power)
Using device Apple M1 (high power)
Initializing Metal device caps: Apple M1
Initialize mono
Mono path[0] = '/Applications/Unity/Hub/Editor/2022.3.21f1/Unity.app/Contents/Managed'
Mono path[1] = '/Applications/Unity/Hub/Editor/2022.3.21f1/Unity.app/Contents/MonoBleedingEdge/lib/mono/unityjit-macos'
Mono config path = '/Applications/Unity/Hub/Editor/2022.3.21f1/Unity.app/Contents/MonoBleedingEdge/etc'
Using monoOptions --debugger-agent=transport=dt_socket,embedding=1,server=y,suspend=n,address=127.0.0.1:56290
Begin MonoManager ReloadAssembly
Registering precompiled unity dll's ...
Register platform support module: /Applications/Unity/Hub/Editor/2022.3.21f1/Unity.app/Contents/PlaybackEngines/MacStandaloneSupport/UnityEditor.OSXStandalone.Extensions.dll
Register platform support module: /Applications/Unity/Hub/Editor/2022.3.21f1/PlaybackEngines/AndroidPlayer/UnityEditor.Android.Extensions.dll
Registered in 0.001012 seconds.
- Loaded All Assemblies, in  0.337 seconds
Native extension for Android target not found
Android Extension - Scanning For ADB Devices 266 ms
Native extension for OSXStandalone target not found
Mono: successfully reloaded assembly
- Finished resetting the current domain, in  0.522 seconds
Domain Reload Profiling: 859ms
	BeginReloadAssembly (115ms)
		ExecutionOrderSort (0ms)
		DisableScriptedObjects (0ms)
		BackupInstance (0ms)
		ReleaseScriptingObjects (0ms)
		CreateAndSetChildDomain (1ms)
	RebuildCommonClasses (32ms)
	RebuildNativeTypeToScriptingClass (10ms)
	initialDomainReloadingComplete (45ms)
	LoadAllAssembliesAndSetupDomain (136ms)
		LoadAssemblies (114ms)
		RebuildTransferFunctionScriptingTraits (0ms)
		AnalyzeDomain (134ms)
			TypeCache.Refresh (133ms)
				TypeCache.ScanAssembly (120ms)
			ScanForSourceGeneratedMonoScriptInfo (0ms)
			ResolveRequiredComponents (0ms)
	FinalizeReload (522ms)
		ReleaseScriptCaches (0ms)
		RebuildScriptCaches (0ms)
		SetupLoadedEditorAssemblies (474ms)
			LogAssemblyErrors (0ms)
			InitializePlatformSupportModulesInManaged (353ms)
			SetLoadedEditorAssemblies (3ms)
			RefreshPlugins (0ms)
			BeforeProcessingInitializeOnLoad (2ms)
			ProcessInitializeOnLoadAttributes (84ms)
			ProcessInitializeOnLoadMethodAttributes (32ms)
			AfterProcessingInitializeOnLoad (0ms)
			EditorAssembliesLoaded (0ms)
		ExecutionOrderSort2 (0ms)
		AwakeInstancesAfterBackupRestoration (0ms)
========================================================================
Worker process is ready to serve import requests
Begin MonoManager ReloadAssembly
- Loaded All Assemblies, in  1.043 seconds
Refreshing native plugins compatible for Editor in 2.59 ms, found 7 plugins.
Native extension for Android target not found
Native extension for OSXStandalone target not found
Package Manager log level set to [2]
[Package Manager] Server::EnsureServerProcessIsRunning -- launch failed, reason: Unity was launched with the -noUpm command-line argument
[Package Manager] UpmClient::Send -- Unable to send message (not connected to UPM process).
[Package Manager] Cannot connect to Unity Package Manager local server
[Package Manager] Server::EnsureServerProcessIsRunning -- launch failed, reason: Unity was launched with the -noUpm command-line argument
[Package Manager] UpmClient::Send -- Unable to send message (not connected to UPM process).
[Package Manager] Cannot connect to Unity Package Manager local server
Mono: successfully reloaded assembly
[Package Manager] Server::EnsureServerProcessIsRunning -- launch failed, reason: Unity was launched with the -noUpm command-line argument
[Package Manager] UpmClient::Send -- Unable to send message (not connected to UPM process).
[Package Manager] Cannot connect to Unity Package Manager local server
[Package Manager] Server::EnsureServerProcessIsRunning -- launch failed, reason: Unity was launched with the -noUpm command-line argument
[Package Manager] UpmClient::Send -- Unable to send message (not connected to UPM process).
[Package Manager] Cannot connect to Unity Package Manager local server
- Finished resetting the current domain, in  0.806 seconds
Domain Reload Profiling: 1862ms
	BeginReloadAssembly (291ms)
		ExecutionOrderSort (0ms)
		DisableScriptedObjects (5ms)
		BackupInstance (0ms)
		ReleaseScriptingObjects (0ms)
		CreateAndSetChildDomain (68ms)
	RebuildCommonClasses (37ms)
	RebuildNativeTypeToScriptingClass (13ms)
	initialDomainReloadingComplete (39ms)
	LoadAllAssembliesAndSetupDomain (676ms)
		LoadAssemblies (486ms)
		RebuildTransferFunctionScriptingTraits (0ms)
		AnalyzeDomain (294ms)
			TypeCache.Refresh (256ms)
				TypeCache.ScanAssembly (221ms)
			ScanForSourceGeneratedMonoScriptInfo (23ms)
			ResolveRequiredComponents (14ms)
	FinalizeReload (807ms)
		ReleaseScriptCaches (0ms)
		RebuildScriptCaches (0ms)
		SetupLoadedEditorAssemblies (570ms)
			LogAssemblyErrors (0ms)
			InitializePlatformSupportModulesInManaged (20ms)
			SetLoadedEditorAssemblies (3ms)
			RefreshPlugins (0ms)
			BeforeProcessingInitializeOnLoad (66ms)
			ProcessInitializeOnLoadAttributes (413ms)
			ProcessInitializeOnLoadMethodAttributes (67ms)
			AfterProcessingInitializeOnLoad (1ms)
			EditorAssembliesLoaded (0ms)
		ExecutionOrderSort2 (0ms)
		AwakeInstancesAfterBackupRestoration (2ms)
Launching external process: /Applications/Unity/Hub/Editor/2022.3.21f1/Unity.app/Contents/Tools/UnityShaderCompiler
Launched and connected shader compiler UnityShaderCompiler after 0.24 seconds
Refreshing native plugins compatible for Editor in 2.90 ms, found 7 plugins.
Preloading 4 native plugins for Editor in 26.98 ms.
Unloading 6881 Unused Serialized files (Serialized files now loaded: 0)
Unloading 151 unused Assets / (3.6 MB). Loaded Objects now: 7606.
Memory consumption went from 284.2 MB to 280.6 MB.
Total: 15.528750 ms (FindLiveObjects: 0.532667 ms CreateObjectMapping: 0.221792 ms MarkObjects: 12.308125 ms  DeleteObjects: 2.465250 ms)

AssetImportParameters requested are different than current active one (requested -> active):
  custom:container-demuxer-ogg: 62fdf1f143b41e24485cea50d1cbac27 -> 
  custom:container-muxer-webm: aa71ff27fc2769a1b78a27578f13a17b -> 
  custom:video-decoder-webm-vp8: 9c59270c3fd7afecdb556c50c9e8de78 -> 
  custom:SearchIndexIgnoredProperties: e643bd26f0fe6173181afceb89e7c659 -> 
  custom:AudioImporter_EditorPlatform: 3918e3fc78b5a79bad01e8451be0beb8 -> 
  custom:audio-decoder-ogg-vorbis: bf7c407c2cedff20999df2af8eb42d56 -> 
  custom:audio-encoder-webm-vorbis: bf7c407c2cedff20999df2af8eb42d56 -> 
  custom:video-decoder-ogg-theora: a1e56fd34408186e4bbccfd4996cb3dc -> 
  custom:CustomObjectIndexerAttribute: 72b91833f83ae208fae7752999fa3104 -> 
  custom:container-demuxer-webm: 4f35f7cbe854078d1ac9338744f61a02 -> 
  custom:framework-osx-AVFoundation: e770b220cccbd017edd2c1fefb359320 -> 
  custom:video-encoder-webm-vp8: eb34c28f22e8b96e1ab97ce403110664 -> 
========================================================================
Received Import Request.
  Time since last request: 251946.956396 seconds.
  path: Assets/Scenes/App Designs/3D_Matematica/tetraedru.fbx
  artifactKey: Guid(a4f0d54cb3a3f40128d2aed1f8e1835b) Importer(815301076,1909f56bfc062723c751e8b465ee728b)
Start importing Assets/Scenes/App Designs/3D_Matematica/tetraedru.fbx using Guid(a4f0d54cb3a3f40128d2aed1f8e1835b) Importer(815301076,1909f56bfc062723c751e8b465ee728b)  -> (artifact id: 'fd9c168fae17f6a9a11f30675b7ca243') in 1.531906 seconds
Number of updated asset objects reloaded before import = 0
Number of asset objects unloaded after import = 37
========================================================================
Received Import Request.
  Time since last request: 1312.349261 seconds.
  path: Assets/Materiale/Materials/Artboard 1@2x 7.mat
  artifactKey: Guid(781d4c13b8c2d49c096071426c3eb208) Importer(815301076,1909f56bfc062723c751e8b465ee728b)
Start importing Assets/Materiale/Materials/Artboard 1@2x 7.mat using Guid(781d4c13b8c2d49c096071426c3eb208) Importer(815301076,1909f56bfc062723c751e8b465ee728b)  -> (artifact id: '1f6746b67f01de616b5f5f48ddf4b47d') in 0.457993 seconds
Number of updated asset objects reloaded before import = 0
Number of asset objects unloaded after import = 3
========================================================================
Received Import Request.
  Time since last request: 0.000162 seconds.
  path: Assets/Materiale/Materials/Artboard 1@2x 37.mat
  artifactKey: Guid(f840228059a0d4a17b8c0bf18dfff649) Importer(815301076,1909f56bfc062723c751e8b465ee728b)
Start importing Assets/Materiale/Materials/Artboard 1@2x 37.mat using Guid(f840228059a0d4a17b8c0bf18dfff649) Importer(815301076,1909f56bfc062723c751e8b465ee728b)  -> (artifact id: 'aaae71e832b825abe0e6c0e985058e7a') in 0.020812 seconds
Number of updated asset objects reloaded before import = 0
Number of asset objects unloaded after import = 3
========================================================================
Received Import Request.
  Time since last request: 0.000098 seconds.
  path: Assets/Materiale/Materials/Artboard 1@2x 26.mat
  artifactKey: Guid(1967506ce04bb44658ebab9e87268966) Importer(815301076,1909f56bfc062723c751e8b465ee728b)
Start importing Assets/Materiale/Materials/Artboard 1@2x 26.mat using Guid(1967506ce04bb44658ebab9e87268966) Importer(815301076,1909f56bfc062723c751e8b465ee728b)  -> (artifact id: '5eb83b86bec45e7e991d488578e9e98f') in 0.016200 seconds
Number of updated asset objects reloaded before import = 0
Number of asset objects unloaded after import = 3
========================================================================
Received Import Request.
  Time since last request: 0.000039 seconds.
  path: Assets/Materiale/Materials/Artboard 1@2x 14.mat
  artifactKey: Guid(1db65aefa07e149a3a5e5b4179b47790) Importer(815301076,1909f56bfc062723c751e8b465ee728b)
Start importing Assets/Materiale/Materials/Artboard 1@2x 14.mat using Guid(1db65aefa07e149a3a5e5b4179b47790) Importer(815301076,1909f56bfc062723c751e8b465ee728b)  -> (artifact id: '5a9b2d4a8d878e11187470cb6ddc7e41') in 0.009239 seconds
Number of updated asset objects reloaded before import = 0
Number of asset objects unloaded after import = 3
========================================================================
Received Import Request.
  Time since last request: 0.000095 seconds.
  path: Assets/Materiale/Materials/Artboard 1@2x 16.mat
  artifactKey: Guid(fb6db74c09daa4b6db2e03f511e5506a) Importer(815301076,1909f56bfc062723c751e8b465ee728b)
Start importing Assets/Materiale/Materials/Artboard 1@2x 16.mat using Guid(fb6db74c09daa4b6db2e03f511e5506a) Importer(815301076,1909f56bfc062723c751e8b465ee728b)  -> (artifact id: '79a7b9abe9c71bb82398676e29b9be5d') in 0.013010 seconds
Number of updated asset objects reloaded before import = 0
Number of asset objects unloaded after import = 3
========================================================================
Received Import Request.
  Time since last request: 0.000130 seconds.
  path: Assets/Materiale/Materials/Artboard 1@2x 13.mat
  artifactKey: Guid(b4cbb716060e64e91aa5b74d0c443b8b) Importer(815301076,1909f56bfc062723c751e8b465ee728b)
Start importing Assets/Materiale/Materials/Artboard 1@2x 13.mat using Guid(b4cbb716060e64e91aa5b74d0c443b8b) Importer(815301076,1909f56bfc062723c751e8b465ee728b)  -> (artifact id: 'b695fa36d5a7b445265d15f583af9dee') in 0.031316 seconds
Number of updated asset objects reloaded before import = 0
Number of asset objects unloaded after import = 3
========================================================================
Received Import Request.
  Time since last request: 0.000076 seconds.
  path: Assets/Materiale/Materials/Artboard 1@2x 34.mat
  artifactKey: Guid(e1eac890df02740849a275a2ada2fa36) Importer(815301076,1909f56bfc062723c751e8b465ee728b)
Start importing Assets/Materiale/Materials/Artboard 1@2x 34.mat using Guid(e1eac890df02740849a275a2ada2fa36) Importer(815301076,1909f56bfc062723c751e8b465ee728b)  -> (artifact id: '0d7143729055069b2ceb86e5aa5ce2b5') in 0.019805 seconds
Number of updated asset objects reloaded before import = 0
Number of asset objects unloaded after import = 3
========================================================================
Received Import Request.
  Time since last request: 0.000304 seconds.
  path: Assets/Materiale/Materials/Artboard 1@2x 22.mat
  artifactKey: Guid(138f307d7d31c46238eec7d75e45f76b) Importer(815301076,1909f56bfc062723c751e8b465ee728b)
Start importing Assets/Materiale/Materials/Artboard 1@2x 22.mat using Guid(138f307d7d31c46238eec7d75e45f76b) Importer(815301076,1909f56bfc062723c751e8b465ee728b)  -> (artifact id: 'ffc7332c9335b0db1246a3b6ec9b7587') in 0.010113 seconds
Number of updated asset objects reloaded before import = 0
Number of asset objects unloaded after import = 3
========================================================================
Received Import Request.
  Time since last request: 0.000123 seconds.
  path: Assets/Materiale/Materials/Artboard 1@2x 20.mat
  artifactKey: Guid(b3b59eb5a70df42718731a007b7d93ef) Importer(815301076,1909f56bfc062723c751e8b465ee728b)
Start importing Assets/Materiale/Materials/Artboard 1@2x 20.mat using Guid(b3b59eb5a70df42718731a007b7d93ef) Importer(815301076,1909f56bfc062723c751e8b465ee728b)  -> (artifact id: '7b26f46009af37e00a810a176f7fad47') in 0.010193 seconds
Number of updated asset objects reloaded before import = 0
Number of asset objects unloaded after import = 3
========================================================================
Received Import Request.
  Time since last request: 0.000042 seconds.
  path: Assets/Materiale/Materials/Artboard 1@2x 29.mat
  artifactKey: Guid(3b8e88f82a0ab4cc2af01327918f0cd1) Importer(815301076,1909f56bfc062723c751e8b465ee728b)
Start importing Assets/Materiale/Materials/Artboard 1@2x 29.mat using Guid(3b8e88f82a0ab4cc2af01327918f0cd1) Importer(815301076,1909f56bfc062723c751e8b465ee728b)  -> (artifact id: '431af7987a6925755898d00db64de3cd') in 0.010818 seconds
Number of updated asset objects reloaded before import = 0
Number of asset objects unloaded after import = 3
========================================================================
Received Import Request.
  Time since last request: 0.000087 seconds.
  path: Assets/Materiale/Materials/Artboard 1@2x 11.mat
  artifactKey: Guid(417a1ba248bfd4a75a817390465caf0c) Importer(815301076,1909f56bfc062723c751e8b465ee728b)
Start importing Assets/Materiale/Materials/Artboard 1@2x 11.mat using Guid(417a1ba248bfd4a75a817390465caf0c) Importer(815301076,1909f56bfc062723c751e8b465ee728b)  -> (artifact id: '1fe569603a85d679e0baf07205003c00') in 0.011369 seconds
Number of updated asset objects reloaded before import = 0
Number of asset objects unloaded after import = 3
========================================================================
Received Import Request.
  Time since last request: 0.000079 seconds.
  path: Assets/Materiale/Materials/Artboard 1@2x 32.mat
  artifactKey: Guid(5fa6de6d68d82468281242d7c82ef9dc) Importer(815301076,1909f56bfc062723c751e8b465ee728b)
Start importing Assets/Materiale/Materials/Artboard 1@2x 32.mat using Guid(5fa6de6d68d82468281242d7c82ef9dc) Importer(815301076,1909f56bfc062723c751e8b465ee728b)  -> (artifact id: 'ef45e12d55507ed3c83fd32ffed9c6b1') in 0.010237 seconds
Number of updated asset objects reloaded before import = 0
Number of asset objects unloaded after import = 3
========================================================================
Received Import Request.
  Time since last request: 0.000039 seconds.
  path: Assets/Materiale/Materials/Artboard 1@2x 12.mat
  artifactKey: Guid(55e209d3291754b5c96ccb3f6392f383) Importer(815301076,1909f56bfc062723c751e8b465ee728b)
Start importing Assets/Materiale/Materials/Artboard 1@2x 12.mat using Guid(55e209d3291754b5c96ccb3f6392f383) Importer(815301076,1909f56bfc062723c751e8b465ee728b)  -> (artifact id: 'ac4fef054226e3505292df702544ce90') in 0.008986 seconds
Number of updated asset objects reloaded before import = 0
Number of asset objects unloaded after import = 3
========================================================================
Received Import Request.
  Time since last request: 0.000133 seconds.
  path: Assets/Materiale/Materials/Artboard 1@2x 19.mat
  artifactKey: Guid(63a42639cfcd34ebc99613797a2b1ca6) Importer(815301076,1909f56bfc062723c751e8b465ee728b)
Start importing Assets/Materiale/Materials/Artboard 1@2x 19.mat using Guid(63a42639cfcd34ebc99613797a2b1ca6) Importer(815301076,1909f56bfc062723c751e8b465ee728b)  -> (artifact id: '60a5c5d28695841997753e98c7adce04') in 0.008620 seconds
Number of updated asset objects reloaded before import = 0
Number of asset objects unloaded after import = 3
